0 info it worked if it ends with ok
1 verbose cli [ '/Users/johnkoht/.nvm/versions/node/v6.9.4/bin/node',
1 verbose cli   '/Users/johnkoht/.nvm/versions/node/v6.9.4/bin/npm',
1 verbose cli   'run',
1 verbose cli   'start' ]
2 info using npm@3.10.10
3 info using node@v6.9.4
4 verbose run-script [ 'prestart', 'start', 'poststart' ]
5 info lifecycle middleman_base@1.0.0~prestart: middleman_base@1.0.0
6 silly lifecycle middleman_base@1.0.0~prestart: no script for prestart, continuing
7 info lifecycle middleman_base@1.0.0~start: middleman_base@1.0.0
8 verbose lifecycle middleman_base@1.0.0~start: unsafe-perm in lifecycle true
9 verbose lifecycle middleman_base@1.0.0~start: PATH: /Users/johnkoht/.nvm/versions/node/v6.9.4/lib/node_modules/npm/bin/node-gyp-bin:/Users/johnkoht/code/kohactive/middleman_base/node_modules/.bin:/Users/johnkoht/.rvm/gems/ruby-2.4.1@middleman_base/bin:/Users/johnkoht/.rvm/gems/ruby-2.4.1@global/bin:/Users/johnkoht/.rvm/rubies/ruby-2.4.1/bin:/Users/johnkoht/.rvm/bin:/Users/johnkoht/.nvm/versions/node/v6.9.4/bin:/usr/local/bin:/usr/bin:/bin:/usr/sbin:/sbin:/Users/johnkoht/bin:./node_modules/.bin
10 verbose lifecycle middleman_base@1.0.0~start: CWD: /Users/johnkoht/code/kohactive/middleman_base
11 silly lifecycle middleman_base@1.0.0~start: Args: [ '-c', 'webpack --watch --progress --color' ]
12 silly lifecycle middleman_base@1.0.0~start: Returned: code: 1  signal: null
13 info lifecycle middleman_base@1.0.0~start: Failed to exec start script
14 verbose stack Error: middleman_base@1.0.0 start: `webpack --watch --progress --color`
14 verbose stack Exit status 1
14 verbose stack     at EventEmitter.<anonymous> (/Users/johnkoht/.nvm/versions/node/v6.9.4/lib/node_modules/npm/lib/utils/lifecycle.js:255:16)
14 verbose stack     at emitTwo (events.js:106:13)
14 verbose stack     at EventEmitter.emit (events.js:191:7)
14 verbose stack     at ChildProcess.<anonymous> (/Users/johnkoht/.nvm/versions/node/v6.9.4/lib/node_modules/npm/lib/utils/spawn.js:40:14)
14 verbose stack     at emitTwo (events.js:106:13)
14 verbose stack     at ChildProcess.emit (events.js:191:7)
14 verbose stack     at maybeClose (internal/child_process.js:877:16)
14 verbose stack     at Process.ChildProcess._handle.onexit (internal/child_process.js:226:5)
15 verbose pkgid middleman_base@1.0.0
16 verbose cwd /Users/johnkoht/code/kohactive/middleman_base
17 error Darwin 15.6.0
18 error argv "/Users/johnkoht/.nvm/versions/node/v6.9.4/bin/node" "/Users/johnkoht/.nvm/versions/node/v6.9.4/bin/npm" "run" "start"
19 error node v6.9.4
20 error npm  v3.10.10
21 error code ELIFECYCLE
22 error middleman_base@1.0.0 start: `webpack --watch --progress --color`
22 error Exit status 1
23 error Failed at the middleman_base@1.0.0 start script 'webpack --watch --progress --color'.
23 error Make sure you have the latest version of node.js and npm installed.
23 error If you do, this is most likely a problem with the middleman_base package,
23 error not with npm itself.
23 error Tell the author that this fails on your system:
23 error     webpack --watch --progress --color
23 error You can get information on how to open an issue for this project with:
23 error     npm bugs middleman_base
23 error Or if that isn't available, you can get their info via:
23 error     npm owner ls middleman_base
23 error There is likely additional logging output above.
24 verbose exit [ 1, true ]
